Copyright 1986-2019 Xilinx, Inc. All Rights Reserved.
--------------------------------------------------------------------------------------------------------------------------------------------------------------------------------------------------
| Tool Version : Vivado v.2019.2 (win64) Build 2708876 Wed Nov  6 21:40:23 MST 2019
| Date         : Fri Mar 20 12:40:41 2020
| Host         : ELECTRO-17 running 64-bit major release  (build 9200)
| Command      : report_timing_summary -max_paths 10 -file top_level_timing_summary_routed.rpt -pb top_level_timing_summary_routed.pb -rpx top_level_timing_summary_routed.rpx -warn_on_violation
| Design       : top_level
| Device       : 7a100t-csg324
| Speed File   : -3  PRODUCTION 1.23 2018-06-13
--------------------------------------------------------------------------------------------------------------------------------------------------------------------------------------------------

Timing Summary Report

------------------------------------------------------------------------------------------------
| Timer Settings
| --------------
------------------------------------------------------------------------------------------------

  Enable Multi Corner Analysis               :  Yes
  Enable Pessimism Removal                   :  Yes
  Pessimism Removal Resolution               :  Nearest Common Node
  Enable Input Delay Default Clock           :  No
  Enable Preset / Clear Arcs                 :  No
  Disable Flight Delays                      :  No
  Ignore I/O Paths                           :  No
  Timing Early Launch at Borrowing Latches   :  No
  Borrow Time for Max Delay Exceptions       :  Yes
  Merge Timing Exceptions                    :  Yes

  Corner  Analyze    Analyze    
  Name    Max Paths  Min Paths  
  ------  ---------  ---------  
  Slow    Yes        Yes        
  Fast    Yes        Yes        



check_timing report

Table of Contents
-----------------
1. checking no_clock
2. checking constant_clock
3. checking pulse_width_clock
4. checking unconstrained_internal_endpoints
5. checking no_input_delay
6. checking no_output_delay
7. checking multiple_clock
8. checking generated_clocks
9. checking loops
10. checking partial_input_delay
11. checking partial_output_delay
12. checking latch_loops

1. checking no_clock
--------------------
 There are 5 register/latch pins with no clock driven by root clock pin: cnt0/clk_out_reg/Q (HIGH)

 There are 5 register/latch pins with no clock driven by root clock pin: cnt1/clk_out_reg/Q (HIGH)

 There are 5 register/latch pins with no clock driven by root clock pin: cnt2/clk_out_reg/Q (HIGH)

 There are 5 register/latch pins with no clock driven by root clock pin: cnt3/clk_out_reg/Q (HIGH)

 There are 5 register/latch pins with no clock driven by root clock pin: cnt4/clk_out_reg/Q (HIGH)

 There are 5 register/latch pins with no clock driven by root clock pin: cnt5/clk_out_reg/Q (HIGH)

 There are 5 register/latch pins with no clock driven by root clock pin: cnt6/clk_out_reg/Q (HIGH)

 There are 5 register/latch pins with no clock driven by root clock pin: div1k/temp_clk_reg/Q (HIGH)

 There are 3 register/latch pins with no clock driven by root clock pin: div2k/temp_clk_reg/Q (HIGH)


2. checking constant_clock
--------------------------
 There are 0 register/latch pins with constant_clock.


3. checking pulse_width_clock
-----------------------------
 There are 0 register/latch pins which need pulse_width check


4. checking unconstrained_internal_endpoints
--------------------------------------------
 There are 79 pins that are not constrained for maximum delay. (HIGH)

 There are 0 pins that are not constrained for maximum delay due to constant clock.


5. checking no_input_delay
--------------------------
 There are 8 input ports with no input delay specified. (HIGH)

 There are 0 input ports with no input delay but user has a false path constraint.


6. checking no_output_delay
---------------------------
 There are 16 ports with no output delay specified. (HIGH)

 There are 0 ports with no output delay but user has a false path constraint

 There are 0 ports with no output delay but with a timing clock defined on it or propagating through it


7. checking multiple_clock
--------------------------
 There are 0 register/latch pins with multiple clocks.


8. checking generated_clocks
----------------------------
 There are 0 generated clocks that are not connected to a clock source.


9. checking loops
-----------------
 There are 0 combinational loops in the design.


10. checking partial_input_delay
--------------------------------
 There are 0 input ports with partial input delay specified.


11. checking partial_output_delay
---------------------------------
 There are 0 ports with partial output delay specified.


12. checking latch_loops
------------------------
 There are 0 combinational latch loops in the design through latch input



------------------------------------------------------------------------------------------------
| Design Timing Summary
| ---------------------
------------------------------------------------------------------------------------------------

    WNS(ns)      TNS(ns)  TNS Failing Endpoints  TNS Total Endpoints      WHS(ns)      THS(ns)  THS Failing Endpoints  THS Total Endpoints     WPWS(ns)     TPWS(ns)  TPWS Failing Endpoints  TPWS Total Endpoints  
    -------      -------  ---------------------  -------------------      -------      -------  ---------------------  -------------------     --------     --------  ----------------------  --------------------  
      6.897        0.000                      0                  114        0.257        0.000                      0                  114        4.500        0.000                       0                    59  


All user specified timing constraints are met.


------------------------------------------------------------------------------------------------
| Clock Summary
| -------------
------------------------------------------------------------------------------------------------

Clock        Waveform(ns)       Period(ns)      Frequency(MHz)
-----        ------------       ----------      --------------
sys_clk_pin  {0.000 5.000}      10.000          100.000         


------------------------------------------------------------------------------------------------
| Intra Clock Table
| -----------------
------------------------------------------------------------------------------------------------

Clock             WNS(ns)      TNS(ns)  TNS Failing Endpoints  TNS Total Endpoints      WHS(ns)      THS(ns)  THS Failing Endpoints  THS Total Endpoints     WPWS(ns)     TPWS(ns)  TPWS Failing Endpoints  TPWS Total Endpoints  
-----             -------      -------  ---------------------  -------------------      -------      -------  ---------------------  -------------------     --------     --------  ----------------------  --------------------  
sys_clk_pin         6.897        0.000                      0                  114        0.257        0.000                      0                  114        4.500        0.000                       0                    59  


------------------------------------------------------------------------------------------------
| Inter Clock Table
| -----------------
------------------------------------------------------------------------------------------------

From Clock    To Clock          WNS(ns)      TNS(ns)  TNS Failing Endpoints  TNS Total Endpoints      WHS(ns)      THS(ns)  THS Failing Endpoints  THS Total Endpoints  
----------    --------          -------      -------  ---------------------  -------------------      -------      -------  ---------------------  -------------------  


------------------------------------------------------------------------------------------------
| Other Path Groups Table
| -----------------------
------------------------------------------------------------------------------------------------

Path Group    From Clock    To Clock          WNS(ns)      TNS(ns)  TNS Failing Endpoints  TNS Total Endpoints      WHS(ns)      THS(ns)  THS Failing Endpoints  THS Total Endpoints  
----------    ----------    --------          -------      -------  ---------------------  -------------------      -------      -------  ---------------------  -------------------  


------------------------------------------------------------------------------------------------
| Timing Details
| --------------
------------------------------------------------------------------------------------------------


---------------------------------------------------------------------------------------------------
From Clock:  sys_clk_pin
  To Clock:  sys_clk_pin

Setup :            0  Failing Endpoints,  Worst Slack        6.897ns,  Total Violation        0.000ns
Hold  :            0  Failing Endpoints,  Worst Slack        0.257ns,  Total Violation        0.000ns
PW    :            0  Failing Endpoints,  Worst Slack        4.500ns,  Total Violation        0.000ns
---------------------------------------------------------------------------------------------------


Max Delay Paths
--------------------------------------------------------------------------------------
Slack (MET) :             6.897ns  (required time - arrival time)
  Source:                 div1k/clk_ctr_reg[23]/C
                            (rising edge-triggered cell FDRE clocked by sys_clk_pin  {rise@0.000ns fall@5.000ns period=10.000ns})
  Destination:            div1k/clk_ctr_reg[24]/R
                            (rising edge-triggered cell FDRE clocked by sys_clk_pin  {rise@0.000ns fall@5.000ns period=10.000ns})
  Path Group:             sys_clk_pin
  Path Type:              Setup (Max at Slow Process Corner)
  Requirement:            10.000ns  (sys_clk_pin rise@10.000ns - sys_clk_pin rise@0.000ns)
  Data Path Delay:        2.728ns  (logic 0.535ns (19.610%)  route 2.193ns (80.390%))
  Logic Levels:           2  (LUT5=1 LUT6=1)
  Clock Path Skew:        -0.025ns (DCD - SCD + CPR)
    Destination Clock Delay (DCD):    3.994ns = ( 13.994 - 10.000 ) 
    Source Clock Delay      (SCD):    4.251ns
    Clock Pessimism Removal (CPR):    0.232ns
  Clock Uncertainty:      0.035ns  ((TSJ^2 + TIJ^2)^1/2 + DJ) / 2 + PE
    Total System Jitter     (TSJ):    0.071ns
    Total Input Jitter      (TIJ):    0.000ns
    Discrete Jitter          (DJ):    0.000ns
    Phase Error              (PE):    0.000ns

    Location             Delay type                Incr(ns)  Path(ns)    Netlist Resource(s)
  -------------------------------------------------------------------    -------------------
                         (clock sys_clk_pin rise edge)
                                                      0.000     0.000 r  
    E3                                                0.000     0.000 r  CLK100MHZ (IN)
                         net (fo=0)                   0.000     0.000    CLK100MHZ
    E3                   IBUF (Prop_ibuf_I_O)         1.330     1.330 r  CLK100MHZ_IBUF_inst/O
                         net (fo=1, routed)           1.525     2.855    CLK100MHZ_IBUF
    BUFGCTRL_X0Y16       BUFG (Prop_bufg_I_O)         0.076     2.931 r  CLK100MHZ_IBUF_BUFG_inst/O
                         net (fo=58, routed)          1.319     4.251    div1k/CLK100MHZ_IBUF_BUFG
    SLICE_X7Y90          FDRE                                         r  div1k/clk_ctr_reg[23]/C
  -------------------------------------------------------------------    -------------------
    SLICE_X7Y90          FDRE (Prop_fdre_C_Q)         0.341     4.592 f  div1k/clk_ctr_reg[23]/Q
                         net (fo=2, routed)           0.615     5.206    div1k/clk_ctr_reg[23]
    SLICE_X6Y91          LUT6 (Prop_lut6_I3_O)        0.097     5.303 r  div1k/clk_ctr[0]_i_4__0/O
                         net (fo=2, routed)           0.709     6.012    div1k/clk_ctr[0]_i_4__0_n_0
    SLICE_X6Y87          LUT5 (Prop_lut5_I1_O)        0.097     6.109 r  div1k/clk_ctr[0]_i_1__0/O
                         net (fo=28, routed)          0.870     6.979    div1k/clear
    SLICE_X7Y91          FDRE                                         r  div1k/clk_ctr_reg[24]/R
  -------------------------------------------------------------------    -------------------

                         (clock sys_clk_pin rise edge)
                                                     10.000    10.000 r  
    E3                                                0.000    10.000 r  CLK100MHZ (IN)
                         net (fo=0)                   0.000    10.000    CLK100MHZ
    E3                   IBUF (Prop_ibuf_I_O)         1.263    11.263 r  CLK100MHZ_IBUF_inst/O
                         net (fo=1, routed)           1.443    12.706    CLK100MHZ_IBUF
    BUFGCTRL_X0Y16       BUFG (Prop_bufg_I_O)         0.072    12.778 r  CLK100MHZ_IBUF_BUFG_inst/O
                         net (fo=58, routed)          1.216    13.994    div1k/CLK100MHZ_IBUF_BUFG
    SLICE_X7Y91          FDRE                                         r  div1k/clk_ctr_reg[24]/C
                         clock pessimism              0.232    14.226    
                         clock uncertainty           -0.035    14.190    
    SLICE_X7Y91          FDRE (Setup_fdre_C_R)       -0.314    13.876    div1k/clk_ctr_reg[24]
  -------------------------------------------------------------------
                         required time                         13.876    
                         arrival time                          -6.979    
  -------------------------------------------------------------------
                         slack                                  6.897    

Slack (MET) :             6.897ns  (required time - arrival time)
  Source:                 div1k/clk_ctr_reg[23]/C
                            (rising edge-triggered cell FDRE clocked by sys_clk_pin  {rise@0.000ns fall@5.000ns period=10.000ns})
  Destination:            div1k/clk_ctr_reg[25]/R
                            (rising edge-triggered cell FDRE clocked by sys_clk_pin  {rise@0.000ns fall@5.000ns period=10.000ns})
  Path Group:             sys_clk_pin
  Path Type:              Setup (Max at Slow Process Corner)
  Requirement:            10.000ns  (sys_clk_pin rise@10.000ns - sys_clk_pin rise@0.000ns)
  Data Path Delay:        2.728ns  (logic 0.535ns (19.610%)  route 2.193ns (80.390%))
  Logic Levels:           2  (LUT5=1 LUT6=1)
  Clock Path Skew:        -0.025ns (DCD - SCD + CPR)
    Destination Clock Delay (DCD):    3.994ns = ( 13.994 - 10.000 ) 
    Source Clock Delay      (SCD):    4.251ns
    Clock Pessimism Removal (CPR):    0.232ns
  Clock Uncertainty:      0.035ns  ((TSJ^2 + TIJ^2)^1/2 + DJ) / 2 + PE
    Total System Jitter     (TSJ):    0.071ns
    Total Input Jitter      (TIJ):    0.000ns
    Discrete Jitter          (DJ):    0.000ns
    Phase Error              (PE):    0.000ns

    Location             Delay type                Incr(ns)  Path(ns)    Netlist Resource(s)
  -------------------------------------------------------------------    -------------------
                         (clock sys_clk_pin rise edge)
                                                      0.000     0.000 r  
    E3                                                0.000     0.000 r  CLK100MHZ (IN)
                         net (fo=0)                   0.000     0.000    CLK100MHZ
    E3                   IBUF (Prop_ibuf_I_O)         1.330     1.330 r  CLK100MHZ_IBUF_inst/O
                         net (fo=1, routed)           1.525     2.855    CLK100MHZ_IBUF
    BUFGCTRL_X0Y16       BUFG (Prop_bufg_I_O)         0.076     2.931 r  CLK100MHZ_IBUF_BUFG_inst/O
                         net (fo=58, routed)          1.319     4.251    div1k/CLK100MHZ_IBUF_BUFG
    SLICE_X7Y90          FDRE                                         r  div1k/clk_ctr_reg[23]/C
  -------------------------------------------------------------------    -------------------
    SLICE_X7Y90          FDRE (Prop_fdre_C_Q)         0.341     4.592 f  div1k/clk_ctr_reg[23]/Q
                         net (fo=2, routed)           0.615     5.206    div1k/clk_ctr_reg[23]
    SLICE_X6Y91          LUT6 (Prop_lut6_I3_O)        0.097     5.303 r  div1k/clk_ctr[0]_i_4__0/O
                         net (fo=2, routed)           0.709     6.012    div1k/clk_ctr[0]_i_4__0_n_0
    SLICE_X6Y87          LUT5 (Prop_lut5_I1_O)        0.097     6.109 r  div1k/clk_ctr[0]_i_1__0/O
                         net (fo=28, routed)          0.870     6.979    div1k/clear
    SLICE_X7Y91          FDRE                                         r  div1k/clk_ctr_reg[25]/R
  -------------------------------------------------------------------    -------------------

                         (clock sys_clk_pin rise edge)
                                                     10.000    10.000 r  
    E3                                                0.000    10.000 r  CLK100MHZ (IN)
                         net (fo=0)                   0.000    10.000    CLK100MHZ
    E3                   IBUF (Prop_ibuf_I_O)         1.263    11.263 r  CLK100MHZ_IBUF_inst/O
                         net (fo=1, routed)           1.443    12.706    CLK100MHZ_IBUF
    BUFGCTRL_X0Y16       BUFG (Prop_bufg_I_O)         0.072    12.778 r  CLK100MHZ_IBUF_BUFG_inst/O
                         net (fo=58, routed)          1.216    13.994    div1k/CLK100MHZ_IBUF_BUFG
    SLICE_X7Y91          FDRE                                         r  div1k/clk_ctr_reg[25]/C
                         clock pessimism              0.232    14.226    
                         clock uncertainty           -0.035    14.190    
    SLICE_X7Y91          FDRE (Setup_fdre_C_R)       -0.314    13.876    div1k/clk_ctr_reg[25]
  -------------------------------------------------------------------
                         required time                         13.876    
                         arrival time                          -6.979    
  -------------------------------------------------------------------
                         slack                                  6.897    

Slack (MET) :             6.897ns  (required time - arrival time)
  Source:                 div1k/clk_ctr_reg[23]/C
                            (rising edge-triggered cell FDRE clocked by sys_clk_pin  {rise@0.000ns fall@5.000ns period=10.000ns})
  Destination:            div1k/clk_ctr_reg[26]/R
                            (rising edge-triggered cell FDRE clocked by sys_clk_pin  {rise@0.000ns fall@5.000ns period=10.000ns})
  Path Group:             sys_clk_pin
  Path Type:              Setup (Max at Slow Process Corner)
  Requirement:            10.000ns  (sys_clk_pin rise@10.000ns - sys_clk_pin rise@0.000ns)
  Data Path Delay:        2.728ns  (logic 0.535ns (19.610%)  route 2.193ns (80.390%))
  Logic Levels:           2  (LUT5=1 LUT6=1)
  Clock Path Skew:        -0.025ns (DCD - SCD + CPR)
    Destination Clock Delay (DCD):    3.994ns = ( 13.994 - 10.000 ) 
    Source Clock Delay      (SCD):    4.251ns
    Clock Pessimism Removal (CPR):    0.232ns
  Clock Uncertainty:      0.035ns  ((TSJ^2 + TIJ^2)^1/2 + DJ) / 2 + PE
    Total System Jitter     (TSJ):    0.071ns
    Total Input Jitter      (TIJ):    0.000ns
    Discrete Jitter          (DJ):    0.000ns
    Phase Error              (PE):    0.000ns

    Location             Delay type                Incr(ns)  Path(ns)    Netlist Resource(s)
  -------------------------------------------------------------------    -------------------
                         (clock sys_clk_pin rise edge)
                                                      0.000     0.000 r  
    E3                                                0.000     0.000 r  CLK100MHZ (IN)
                         net (fo=0)                   0.000     0.000    CLK100MHZ
    E3                   IBUF (Prop_ibuf_I_O)         1.330     1.330 r  CLK100MHZ_IBUF_inst/O
                         net (fo=1, routed)           1.525     2.855    CLK100MHZ_IBUF
    BUFGCTRL_X0Y16       BUFG (Prop_bufg_I_O)         0.076     2.931 r  CLK100MHZ_IBUF_BUFG_inst/O
                         net (fo=58, routed)          1.319     4.251    div1k/CLK100MHZ_IBUF_BUFG
    SLICE_X7Y90          FDRE                                         r  div1k/clk_ctr_reg[23]/C
  -------------------------------------------------------------------    -------------------
    SLICE_X7Y90          FDRE (Prop_fdre_C_Q)         0.341     4.592 f  div1k/clk_ctr_reg[23]/Q
                         net (fo=2, routed)           0.615     5.206    div1k/clk_ctr_reg[23]
    SLICE_X6Y91          LUT6 (Prop_lut6_I3_O)        0.097     5.303 r  div1k/clk_ctr[0]_i_4__0/O
                         net (fo=2, routed)           0.709     6.012    div1k/clk_ctr[0]_i_4__0_n_0
    SLICE_X6Y87          LUT5 (Prop_lut5_I1_O)        0.097     6.109 r  div1k/clk_ctr[0]_i_1__0/O
                         net (fo=28, routed)          0.870     6.979    div1k/clear
    SLICE_X7Y91          FDRE                                         r  div1k/clk_ctr_reg[26]/R
  -------------------------------------------------------------------    -------------------

                         (clock sys_clk_pin rise edge)
                                                     10.000    10.000 r  
    E3                                                0.000    10.000 r  CLK100MHZ (IN)
                         net (fo=0)                   0.000    10.000    CLK100MHZ
    E3                   IBUF (Prop_ibuf_I_O)         1.263    11.263 r  CLK100MHZ_IBUF_inst/O
                         net (fo=1, routed)           1.443    12.706    CLK100MHZ_IBUF
    BUFGCTRL_X0Y16       BUFG (Prop_bufg_I_O)         0.072    12.778 r  CLK100MHZ_IBUF_BUFG_inst/O
                         net (fo=58, routed)          1.216    13.994    div1k/CLK100MHZ_IBUF_BUFG
    SLICE_X7Y91          FDRE                                         r  div1k/clk_ctr_reg[26]/C
                         clock pessimism              0.232    14.226    
                         clock uncertainty           -0.035    14.190    
    SLICE_X7Y91          FDRE (Setup_fdre_C_R)       -0.314    13.876    div1k/clk_ctr_reg[26]
  -------------------------------------------------------------------
                         required time                         13.876    
                         arrival time                          -6.979    
  -------------------------------------------------------------------
                         slack                                  6.897    

Slack (MET) :             6.897ns  (required time - arrival time)
  Source:                 div1k/clk_ctr_reg[23]/C
                            (rising edge-triggered cell FDRE clocked by sys_clk_pin  {rise@0.000ns fall@5.000ns period=10.000ns})
  Destination:            div1k/clk_ctr_reg[27]/R
                            (rising edge-triggered cell FDRE clocked by sys_clk_pin  {rise@0.000ns fall@5.000ns period=10.000ns})
  Path Group:             sys_clk_pin
  Path Type:              Setup (Max at Slow Process Corner)
  Requirement:            10.000ns  (sys_clk_pin rise@10.000ns - sys_clk_pin rise@0.000ns)
  Data Path Delay:        2.728ns  (logic 0.535ns (19.610%)  route 2.193ns (80.390%))
  Logic Levels:           2  (LUT5=1 LUT6=1)
  Clock Path Skew:        -0.025ns (DCD - SCD + CPR)
    Destination Clock Delay (DCD):    3.994ns = ( 13.994 - 10.000 ) 
    Source Clock Delay      (SCD):    4.251ns
    Clock Pessimism Removal (CPR):    0.232ns
  Clock Uncertainty:      0.035ns  ((TSJ^2 + TIJ^2)^1/2 + DJ) / 2 + PE
    Total System Jitter     (TSJ):    0.071ns
    Total Input Jitter      (TIJ):    0.000ns
    Discrete Jitter          (DJ):    0.000ns
    Phase Error              (PE):    0.000ns

    Location             Delay type                Incr(ns)  Path(ns)    Netlist Resource(s)
  -------------------------------------------------------------------    -------------------
                         (clock sys_clk_pin rise edge)
                                                      0.000     0.000 r  
    E3                                                0.000     0.000 r  CLK100MHZ (IN)
                         net (fo=0)                   0.000     0.000    CLK100MHZ
    E3                   IBUF (Prop_ibuf_I_O)         1.330     1.330 r  CLK100MHZ_IBUF_inst/O
                         net (fo=1, routed)           1.525     2.855    CLK100MHZ_IBUF
    BUFGCTRL_X0Y16       BUFG (Prop_bufg_I_O)         0.076     2.931 r  CLK100MHZ_IBUF_BUFG_inst/O
                         net (fo=58, routed)          1.319     4.251    div1k/CLK100MHZ_IBUF_BUFG
    SLICE_X7Y90          FDRE                                         r  div1k/clk_ctr_reg[23]/C
  -------------------------------------------------------------------    -------------------
    SLICE_X7Y90          FDRE (Prop_fdre_C_Q)         0.341     4.592 f  div1k/clk_ctr_reg[23]/Q
                         net (fo=2, routed)           0.615     5.206    div1k/clk_ctr_reg[23]
    SLICE_X6Y91          LUT6 (Prop_lut6_I3_O)        0.097     5.303 r  div1k/clk_ctr[0]_i_4__0/O
                         net (fo=2, routed)           0.709     6.012    div1k/clk_ctr[0]_i_4__0_n_0
    SLICE_X6Y87          LUT5 (Prop_lut5_I1_O)        0.097     6.109 r  div1k/clk_ctr[0]_i_1__0/O
                         net (fo=28, routed)          0.870     6.979    div1k/clear
    SLICE_X7Y91          FDRE                                         r  div1k/clk_ctr_reg[27]/R
  -------------------------------------------------------------------    -------------------

                         (clock sys_clk_pin rise edge)
                                                     10.000    10.000 r  
    E3                                                0.000    10.000 r  CLK100MHZ (IN)
                         net (fo=0)                   0.000    10.000    CLK100MHZ
    E3                   IBUF (Prop_ibuf_I_O)         1.263    11.263 r  CLK100MHZ_IBUF_inst/O
                         net (fo=1, routed)           1.443    12.706    CLK100MHZ_IBUF
    BUFGCTRL_X0Y16       BUFG (Prop_bufg_I_O)         0.072    12.778 r  CLK100MHZ_IBUF_BUFG_inst/O
                         net (fo=58, routed)          1.216    13.994    div1k/CLK100MHZ_IBUF_BUFG
    SLICE_X7Y91          FDRE                                         r  div1k/clk_ctr_reg[27]/C
                         clock pessimism              0.232    14.226    
                         clock uncertainty           -0.035    14.190    
    SLICE_X7Y91          FDRE (Setup_fdre_C_R)       -0.314    13.876    div1k/clk_ctr_reg[27]
  -------------------------------------------------------------------
                         required time                         13.876    
                         arrival time                          -6.979    
  -------------------------------------------------------------------
                         slack                                  6.897    

Slack (MET) :             7.012ns  (required time - arrival time)
  Source:                 div1k/clk_ctr_reg[27]/C
                            (rising edge-triggered cell FDRE clocked by sys_clk_pin  {rise@0.000ns fall@5.000ns period=10.000ns})
  Destination:            div1k/clk_ctr_reg[20]/R
                            (rising edge-triggered cell FDRE clocked by sys_clk_pin  {rise@0.000ns fall@5.000ns period=10.000ns})
  Path Group:             sys_clk_pin
  Path Type:              Setup (Max at Slow Process Corner)
  Requirement:            10.000ns  (sys_clk_pin rise@10.000ns - sys_clk_pin rise@0.000ns)
  Data Path Delay:        2.613ns  (logic 0.535ns (20.471%)  route 2.078ns (79.529%))
  Logic Levels:           2  (LUT5=1 LUT6=1)
  Clock Path Skew:        -0.025ns (DCD - SCD + CPR)
    Destination Clock Delay (DCD):    3.994ns = ( 13.994 - 10.000 ) 
    Source Clock Delay      (SCD):    4.251ns
    Clock Pessimism Removal (CPR):    0.232ns
  Clock Uncertainty:      0.035ns  ((TSJ^2 + TIJ^2)^1/2 + DJ) / 2 + PE
    Total System Jitter     (TSJ):    0.071ns
    Total Input Jitter      (TIJ):    0.000ns
    Discrete Jitter          (DJ):    0.000ns
    Phase Error              (PE):    0.000ns

    Location             Delay type                Incr(ns)  Path(ns)    Netlist Resource(s)
  -------------------------------------------------------------------    -------------------
                         (clock sys_clk_pin rise edge)
                                                      0.000     0.000 r  
    E3                                                0.000     0.000 r  CLK100MHZ (IN)
                         net (fo=0)                   0.000     0.000    CLK100MHZ
    E3                   IBUF (Prop_ibuf_I_O)         1.330     1.330 r  CLK100MHZ_IBUF_inst/O
                         net (fo=1, routed)           1.525     2.855    CLK100MHZ_IBUF
    BUFGCTRL_X0Y16       BUFG (Prop_bufg_I_O)         0.076     2.931 r  CLK100MHZ_IBUF_BUFG_inst/O
                         net (fo=58, routed)          1.319     4.251    div1k/CLK100MHZ_IBUF_BUFG
    SLICE_X7Y91          FDRE                                         r  div1k/clk_ctr_reg[27]/C
  -------------------------------------------------------------------    -------------------
    SLICE_X7Y91          FDRE (Prop_fdre_C_Q)         0.341     4.592 f  div1k/clk_ctr_reg[27]/Q
                         net (fo=2, routed)           0.598     5.189    div1k/clk_ctr_reg[27]
    SLICE_X6Y91          LUT6 (Prop_lut6_I4_O)        0.097     5.286 r  div1k/clk_ctr[0]_i_4__0/O
                         net (fo=2, routed)           0.709     5.995    div1k/clk_ctr[0]_i_4__0_n_0
    SLICE_X6Y87          LUT5 (Prop_lut5_I1_O)        0.097     6.092 r  div1k/clk_ctr[0]_i_1__0/O
                         net (fo=28, routed)          0.772     6.864    div1k/clear
    SLICE_X7Y90          FDRE                                         r  div1k/clk_ctr_reg[20]/R
  -------------------------------------------------------------------    -------------------

                         (clock sys_clk_pin rise edge)
                                                     10.000    10.000 r  
    E3                                                0.000    10.000 r  CLK100MHZ (IN)
                         net (fo=0)                   0.000    10.000    CLK100MHZ
    E3                   IBUF (Prop_ibuf_I_O)         1.263    11.263 r  CLK100MHZ_IBUF_inst/O
                         net (fo=1, routed)           1.443    12.706    CLK100MHZ_IBUF
    BUFGCTRL_X0Y16       BUFG (Prop_bufg_I_O)         0.072    12.778 r  CLK100MHZ_IBUF_BUFG_inst/O
                         net (fo=58, routed)          1.216    13.994    div1k/CLK100MHZ_IBUF_BUFG
    SLICE_X7Y90          FDRE                                         r  div1k/clk_ctr_reg[20]/C
                         clock pessimism              0.232    14.226    
                         clock uncertainty           -0.035    14.190    
    SLICE_X7Y90          FDRE (Setup_fdre_C_R)       -0.314    13.876    div1k/clk_ctr_reg[20]
  -------------------------------------------------------------------
                         required time                         13.876    
                         arrival time                          -6.864    
  -------------------------------------------------------------------
                         slack                                  7.012    

Slack (MET) :             7.012ns  (required time - arrival time)
  Source:                 div1k/clk_ctr_reg[27]/C
                            (rising edge-triggered cell FDRE clocked by sys_clk_pin  {rise@0.000ns fall@5.000ns period=10.000ns})
  Destination:            div1k/clk_ctr_reg[21]/R
                            (rising edge-triggered cell FDRE clocked by sys_clk_pin  {rise@0.000ns fall@5.000ns period=10.000ns})
  Path Group:             sys_clk_pin
  Path Type:              Setup (Max at Slow Process Corner)
  Requirement:            10.000ns  (sys_clk_pin rise@10.000ns - sys_clk_pin rise@0.000ns)
  Data Path Delay:        2.613ns  (logic 0.535ns (20.471%)  route 2.078ns (79.529%))
  Logic Levels:           2  (LUT5=1 LUT6=1)
  Clock Path Skew:        -0.025ns (DCD - SCD + CPR)
    Destination Clock Delay (DCD):    3.994ns = ( 13.994 - 10.000 ) 
    Source Clock Delay      (SCD):    4.251ns
    Clock Pessimism Removal (CPR):    0.232ns
  Clock Uncertainty:      0.035ns  ((TSJ^2 + TIJ^2)^1/2 + DJ) / 2 + PE
    Total System Jitter     (TSJ):    0.071ns
    Total Input Jitter      (TIJ):    0.000ns
    Discrete Jitter          (DJ):    0.000ns
    Phase Error              (PE):    0.000ns

    Location             Delay type                Incr(ns)  Path(ns)    Netlist Resource(s)
  -------------------------------------------------------------------    -------------------
                         (clock sys_clk_pin rise edge)
                                                      0.000     0.000 r  
    E3                                                0.000     0.000 r  CLK100MHZ (IN)
                         net (fo=0)                   0.000     0.000    CLK100MHZ
    E3                   IBUF (Prop_ibuf_I_O)         1.330     1.330 r  CLK100MHZ_IBUF_inst/O
                         net (fo=1, routed)           1.525     2.855    CLK100MHZ_IBUF
    BUFGCTRL_X0Y16       BUFG (Prop_bufg_I_O)         0.076     2.931 r  CLK100MHZ_IBUF_BUFG_inst/O
                         net (fo=58, routed)          1.319     4.251    div1k/CLK100MHZ_IBUF_BUFG
    SLICE_X7Y91          FDRE                                         r  div1k/clk_ctr_reg[27]/C
  -------------------------------------------------------------------    -------------------
    SLICE_X7Y91          FDRE (Prop_fdre_C_Q)         0.341     4.592 f  div1k/clk_ctr_reg[27]/Q
                         net (fo=2, routed)           0.598     5.189    div1k/clk_ctr_reg[27]
    SLICE_X6Y91          LUT6 (Prop_lut6_I4_O)        0.097     5.286 r  div1k/clk_ctr[0]_i_4__0/O
                         net (fo=2, routed)           0.709     5.995    div1k/clk_ctr[0]_i_4__0_n_0
    SLICE_X6Y87          LUT5 (Prop_lut5_I1_O)        0.097     6.092 r  div1k/clk_ctr[0]_i_1__0/O
                         net (fo=28, routed)          0.772     6.864    div1k/clear
    SLICE_X7Y90          FDRE                                         r  div1k/clk_ctr_reg[21]/R
  -------------------------------------------------------------------    -------------------

                         (clock sys_clk_pin rise edge)
                                                     10.000    10.000 r  
    E3                                                0.000    10.000 r  CLK100MHZ (IN)
                         net (fo=0)                   0.000    10.000    CLK100MHZ
    E3                   IBUF (Prop_ibuf_I_O)         1.263    11.263 r  CLK100MHZ_IBUF_inst/O
                         net (fo=1, routed)           1.443    12.706    CLK100MHZ_IBUF
    BUFGCTRL_X0Y16       BUFG (Prop_bufg_I_O)         0.072    12.778 r  CLK100MHZ_IBUF_BUFG_inst/O
                         net (fo=58, routed)          1.216    13.994    div1k/CLK100MHZ_IBUF_BUFG
    SLICE_X7Y90          FDRE                                         r  div1k/clk_ctr_reg[21]/C
                         clock pessimism              0.232    14.226    
                         clock uncertainty           -0.035    14.190    
    SLICE_X7Y90          FDRE (Setup_fdre_C_R)       -0.314    13.876    div1k/clk_ctr_reg[21]
  -------------------------------------------------------------------
                         required time                         13.876    
                         arrival time                          -6.864    
  -------------------------------------------------------------------
                         slack                                  7.012    

Slack (MET) :             7.012ns  (required time - arrival time)
  Source:                 div1k/clk_ctr_reg[27]/C
                            (rising edge-triggered cell FDRE clocked by sys_clk_pin  {rise@0.000ns fall@5.000ns period=10.000ns})
  Destination:            div1k/clk_ctr_reg[22]/R
                            (rising edge-triggered cell FDRE clocked by sys_clk_pin  {rise@0.000ns fall@5.000ns period=10.000ns})
  Path Group:             sys_clk_pin
  Path Type:              Setup (Max at Slow Process Corner)
  Requirement:            10.000ns  (sys_clk_pin rise@10.000ns - sys_clk_pin rise@0.000ns)
  Data Path Delay:        2.613ns  (logic 0.535ns (20.471%)  route 2.078ns (79.529%))
  Logic Levels:           2  (LUT5=1 LUT6=1)
  Clock Path Skew:        -0.025ns (DCD - SCD + CPR)
    Destination Clock Delay (DCD):    3.994ns = ( 13.994 - 10.000 ) 
    Source Clock Delay      (SCD):    4.251ns
    Clock Pessimism Removal (CPR):    0.232ns
  Clock Uncertainty:      0.035ns  ((TSJ^2 + TIJ^2)^1/2 + DJ) / 2 + PE
    Total System Jitter     (TSJ):    0.071ns
    Total Input Jitter      (TIJ):    0.000ns
    Discrete Jitter          (DJ):    0.000ns
    Phase Error              (PE):    0.000ns

    Location             Delay type                Incr(ns)  Path(ns)    Netlist Resource(s)
  -------------------------------------------------------------------    -------------------
                         (clock sys_clk_pin rise edge)
                                                      0.000     0.000 r  
    E3                                                0.000     0.000 r  CLK100MHZ (IN)
                         net (fo=0)                   0.000     0.000    CLK100MHZ
    E3                   IBUF (Prop_ibuf_I_O)         1.330     1.330 r  CLK100MHZ_IBUF_inst/O
                         net (fo=1, routed)           1.525     2.855    CLK100MHZ_IBUF
    BUFGCTRL_X0Y16       BUFG (Prop_bufg_I_O)         0.076     2.931 r  CLK100MHZ_IBUF_BUFG_inst/O
                         net (fo=58, routed)          1.319     4.251    div1k/CLK100MHZ_IBUF_BUFG
    SLICE_X7Y91          FDRE                                         r  div1k/clk_ctr_reg[27]/C
  -------------------------------------------------------------------    -------------------
    SLICE_X7Y91          FDRE (Prop_fdre_C_Q)         0.341     4.592 f  div1k/clk_ctr_reg[27]/Q
                         net (fo=2, routed)           0.598     5.189    div1k/clk_ctr_reg[27]
    SLICE_X6Y91          LUT6 (Prop_lut6_I4_O)        0.097     5.286 r  div1k/clk_ctr[0]_i_4__0/O
                         net (fo=2, routed)           0.709     5.995    div1k/clk_ctr[0]_i_4__0_n_0
    SLICE_X6Y87          LUT5 (Prop_lut5_I1_O)        0.097     6.092 r  div1k/clk_ctr[0]_i_1__0/O
                         net (fo=28, routed)          0.772     6.864    div1k/clear
    SLICE_X7Y90          FDRE                                         r  div1k/clk_ctr_reg[22]/R
  -------------------------------------------------------------------    -------------------

                         (clock sys_clk_pin rise edge)
                                                     10.000    10.000 r  
    E3                                                0.000    10.000 r  CLK100MHZ (IN)
                         net (fo=0)                   0.000    10.000    CLK100MHZ
    E3                   IBUF (Prop_ibuf_I_O)         1.263    11.263 r  CLK100MHZ_IBUF_inst/O
                         net (fo=1, routed)           1.443    12.706    CLK100MHZ_IBUF
    BUFGCTRL_X0Y16       BUFG (Prop_bufg_I_O)         0.072    12.778 r  CLK100MHZ_IBUF_BUFG_inst/O
                         net (fo=58, routed)          1.216    13.994    div1k/CLK100MHZ_IBUF_BUFG
    SLICE_X7Y90          FDRE                                         r  div1k/clk_ctr_reg[22]/C
                         clock pessimism              0.232    14.226    
                         clock uncertainty           -0.035    14.190    
    SLICE_X7Y90          FDRE (Setup_fdre_C_R)       -0.314    13.876    div1k/clk_ctr_reg[22]
  -------------------------------------------------------------------
                         required time                         13.876    
                         arrival time                          -6.864    
  -------------------------------------------------------------------
                         slack                                  7.012    

Slack (MET) :             7.012ns  (required time - arrival time)
  Source:                 div1k/clk_ctr_reg[27]/C
                            (rising edge-triggered cell FDRE clocked by sys_clk_pin  {rise@0.000ns fall@5.000ns period=10.000ns})
  Destination:            div1k/clk_ctr_reg[23]/R
                            (rising edge-triggered cell FDRE clocked by sys_clk_pin  {rise@0.000ns fall@5.000ns period=10.000ns})
  Path Group:             sys_clk_pin
  Path Type:              Setup (Max at Slow Process Corner)
  Requirement:            10.000ns  (sys_clk_pin rise@10.000ns - sys_clk_pin rise@0.000ns)
  Data Path Delay:        2.613ns  (logic 0.535ns (20.471%)  route 2.078ns (79.529%))
  Logic Levels:           2  (LUT5=1 LUT6=1)
  Clock Path Skew:        -0.025ns (DCD - SCD + CPR)
    Destination Clock Delay (DCD):    3.994ns = ( 13.994 - 10.000 ) 
    Source Clock Delay      (SCD):    4.251ns
    Clock Pessimism Removal (CPR):    0.232ns
  Clock Uncertainty:      0.035ns  ((TSJ^2 + TIJ^2)^1/2 + DJ) / 2 + PE
    Total System Jitter     (TSJ):    0.071ns
    Total Input Jitter      (TIJ):    0.000ns
    Discrete Jitter          (DJ):    0.000ns
    Phase Error              (PE):    0.000ns

    Location             Delay type                Incr(ns)  Path(ns)    Netlist Resource(s)
  -------------------------------------------------------------------    -------------------
                         (clock sys_clk_pin rise edge)
                                                      0.000     0.000 r  
    E3                                                0.000     0.000 r  CLK100MHZ (IN)
                         net (fo=0)                   0.000     0.000    CLK100MHZ
    E3                   IBUF (Prop_ibuf_I_O)         1.330     1.330 r  CLK100MHZ_IBUF_inst/O
                         net (fo=1, routed)           1.525     2.855    CLK100MHZ_IBUF
    BUFGCTRL_X0Y16       BUFG (Prop_bufg_I_O)         0.076     2.931 r  CLK100MHZ_IBUF_BUFG_inst/O
                         net (fo=58, routed)          1.319     4.251    div1k/CLK100MHZ_IBUF_BUFG
    SLICE_X7Y91          FDRE                                         r  div1k/clk_ctr_reg[27]/C
  -------------------------------------------------------------------    -------------------
    SLICE_X7Y91          FDRE (Prop_fdre_C_Q)         0.341     4.592 f  div1k/clk_ctr_reg[27]/Q
                         net (fo=2, routed)           0.598     5.189    div1k/clk_ctr_reg[27]
    SLICE_X6Y91          LUT6 (Prop_lut6_I4_O)        0.097     5.286 r  div1k/clk_ctr[0]_i_4__0/O
                         net (fo=2, routed)           0.709     5.995    div1k/clk_ctr[0]_i_4__0_n_0
    SLICE_X6Y87          LUT5 (Prop_lut5_I1_O)        0.097     6.092 r  div1k/clk_ctr[0]_i_1__0/O
                         net (fo=28, routed)          0.772     6.864    div1k/clear
    SLICE_X7Y90          FDRE                                         r  div1k/clk_ctr_reg[23]/R
  -------------------------------------------------------------------    -------------------

                         (clock sys_clk_pin rise edge)
                                                     10.000    10.000 r  
    E3                                                0.000    10.000 r  CLK100MHZ (IN)
                         net (fo=0)                   0.000    10.000    CLK100MHZ
    E3                   IBUF (Prop_ibuf_I_O)         1.263    11.263 r  CLK100MHZ_IBUF_inst/O
                         net (fo=1, routed)           1.443    12.706    CLK100MHZ_IBUF
    BUFGCTRL_X0Y16       BUFG (Prop_bufg_I_O)         0.072    12.778 r  CLK100MHZ_IBUF_BUFG_inst/O
                         net (fo=58, routed)          1.216    13.994    div1k/CLK100MHZ_IBUF_BUFG
    SLICE_X7Y90          FDRE                                         r  div1k/clk_ctr_reg[23]/C
                         clock pessimism              0.232    14.226    
                         clock uncertainty           -0.035    14.190    
    SLICE_X7Y90          FDRE (Setup_fdre_C_R)       -0.314    13.876    div1k/clk_ctr_reg[23]
  -------------------------------------------------------------------
                         required time                         13.876    
                         arrival time                          -6.864    
  -------------------------------------------------------------------
                         slack                                  7.012    

Slack (MET) :             7.100ns  (required time - arrival time)
  Source:                 div1k/clk_ctr_reg[23]/C
                            (rising edge-triggered cell FDRE clocked by sys_clk_pin  {rise@0.000ns fall@5.000ns period=10.000ns})
  Destination:            div1k/clk_ctr_reg[16]/R
                            (rising edge-triggered cell FDRE clocked by sys_clk_pin  {rise@0.000ns fall@5.000ns period=10.000ns})
  Path Group:             sys_clk_pin
  Path Type:              Setup (Max at Slow Process Corner)
  Requirement:            10.000ns  (sys_clk_pin rise@10.000ns - sys_clk_pin rise@0.000ns)
  Data Path Delay:        2.525ns  (logic 0.535ns (21.192%)  route 1.990ns (78.808%))
  Logic Levels:           2  (LUT5=1 LUT6=1)
  Clock Path Skew:        -0.026ns (DCD - SCD + CPR)
    Destination Clock Delay (DCD):    3.993ns = ( 13.993 - 10.000 ) 
    Source Clock Delay      (SCD):    4.251ns
    Clock Pessimism Removal (CPR):    0.232ns
  Clock Uncertainty:      0.035ns  ((TSJ^2 + TIJ^2)^1/2 + DJ) / 2 + PE
    Total System Jitter     (TSJ):    0.071ns
    Total Input Jitter      (TIJ):    0.000ns
    Discrete Jitter          (DJ):    0.000ns
    Phase Error              (PE):    0.000ns

    Location             Delay type                Incr(ns)  Path(ns)    Netlist Resource(s)
  -------------------------------------------------------------------    -------------------
                         (clock sys_clk_pin rise edge)
                                                      0.000     0.000 r  
    E3                                                0.000     0.000 r  CLK100MHZ (IN)
                         net (fo=0)                   0.000     0.000    CLK100MHZ
    E3                   IBUF (Prop_ibuf_I_O)         1.330     1.330 r  CLK100MHZ_IBUF_inst/O
                         net (fo=1, routed)           1.525     2.855    CLK100MHZ_IBUF
    BUFGCTRL_X0Y16       BUFG (Prop_bufg_I_O)         0.076     2.931 r  CLK100MHZ_IBUF_BUFG_inst/O
                         net (fo=58, routed)          1.319     4.251    div1k/CLK100MHZ_IBUF_BUFG
    SLICE_X7Y90          FDRE                                         r  div1k/clk_ctr_reg[23]/C
  -------------------------------------------------------------------    -------------------
    SLICE_X7Y90          FDRE (Prop_fdre_C_Q)         0.341     4.592 f  div1k/clk_ctr_reg[23]/Q
                         net (fo=2, routed)           0.615     5.206    div1k/clk_ctr_reg[23]
    SLICE_X6Y91          LUT6 (Prop_lut6_I3_O)        0.097     5.303 r  div1k/clk_ctr[0]_i_4__0/O
                         net (fo=2, routed)           0.709     6.012    div1k/clk_ctr[0]_i_4__0_n_0
    SLICE_X6Y87          LUT5 (Prop_lut5_I1_O)        0.097     6.109 r  div1k/clk_ctr[0]_i_1__0/O
                         net (fo=28, routed)          0.666     6.775    div1k/clear
    SLICE_X7Y89          FDRE                                         r  div1k/clk_ctr_reg[16]/R
  -------------------------------------------------------------------    -------------------

                         (clock sys_clk_pin rise edge)
                                                     10.000    10.000 r  
    E3                                                0.000    10.000 r  CLK100MHZ (IN)
                         net (fo=0)                   0.000    10.000    CLK100MHZ
    E3                   IBUF (Prop_ibuf_I_O)         1.263    11.263 r  CLK100MHZ_IBUF_inst/O
                         net (fo=1, routed)           1.443    12.706    CLK100MHZ_IBUF
    BUFGCTRL_X0Y16       BUFG (Prop_bufg_I_O)         0.072    12.778 r  CLK100MHZ_IBUF_BUFG_inst/O
                         net (fo=58, routed)          1.215    13.993    div1k/CLK100MHZ_IBUF_BUFG
    SLICE_X7Y89          FDRE                                         r  div1k/clk_ctr_reg[16]/C
                         clock pessimism              0.232    14.225    
                         clock uncertainty           -0.035    14.189    
    SLICE_X7Y89          FDRE (Setup_fdre_C_R)       -0.314    13.875    div1k/clk_ctr_reg[16]
  -------------------------------------------------------------------
                         required time                         13.875    
                         arrival time                          -6.775    
  -------------------------------------------------------------------
                         slack                                  7.100    

Slack (MET) :             7.100ns  (required time - arrival time)
  Source:                 div1k/clk_ctr_reg[23]/C
                            (rising edge-triggered cell FDRE clocked by sys_clk_pin  {rise@0.000ns fall@5.000ns period=10.000ns})
  Destination:            div1k/clk_ctr_reg[17]/R
                            (rising edge-triggered cell FDRE clocked by sys_clk_pin  {rise@0.000ns fall@5.000ns period=10.000ns})
  Path Group:             sys_clk_pin
  Path Type:              Setup (Max at Slow Process Corner)
  Requirement:            10.000ns  (sys_clk_pin rise@10.000ns - sys_clk_pin rise@0.000ns)
  Data Path Delay:        2.525ns  (logic 0.535ns (21.192%)  route 1.990ns (78.808%))
  Logic Levels:           2  (LUT5=1 LUT6=1)
  Clock Path Skew:        -0.026ns (DCD - SCD + CPR)
    Destination Clock Delay (DCD):    3.993ns = ( 13.993 - 10.000 ) 
    Source Clock Delay      (SCD):    4.251ns
    Clock Pessimism Removal (CPR):    0.232ns
  Clock Uncertainty:      0.035ns  ((TSJ^2 + TIJ^2)^1/2 + DJ) / 2 + PE
    Total System Jitter     (TSJ):    0.071ns
    Total Input Jitter      (TIJ):    0.000ns
    Discrete Jitter          (DJ):    0.000ns
    Phase Error              (PE):    0.000ns

    Location             Delay type                Incr(ns)  Path(ns)    Netlist Resource(s)
  -------------------------------------------------------------------    -------------------
                         (clock sys_clk_pin rise edge)
                                                      0.000     0.000 r  
    E3                                                0.000     0.000 r  CLK100MHZ (IN)
                         net (fo=0)                   0.000     0.000    CLK100MHZ
    E3                   IBUF (Prop_ibuf_I_O)         1.330     1.330 r  CLK100MHZ_IBUF_inst/O
                         net (fo=1, routed)           1.525     2.855    CLK100MHZ_IBUF
    BUFGCTRL_X0Y16       BUFG (Prop_bufg_I_O)         0.076     2.931 r  CLK100MHZ_IBUF_BUFG_inst/O
                         net (fo=58, routed)          1.319     4.251    div1k/CLK100MHZ_IBUF_BUFG
    SLICE_X7Y90          FDRE                                         r  div1k/clk_ctr_reg[23]/C
  -------------------------------------------------------------------    -------------------
    SLICE_X7Y90          FDRE (Prop_fdre_C_Q)         0.341     4.592 f  div1k/clk_ctr_reg[23]/Q
                         net (fo=2, routed)           0.615     5.206    div1k/clk_ctr_reg[23]
    SLICE_X6Y91          LUT6 (Prop_lut6_I3_O)        0.097     5.303 r  div1k/clk_ctr[0]_i_4__0/O
                         net (fo=2, routed)           0.709     6.012    div1k/clk_ctr[0]_i_4__0_n_0
    SLICE_X6Y87          LUT5 (Prop_lut5_I1_O)        0.097     6.109 r  div1k/clk_ctr[0]_i_1__0/O
                         net (fo=28, routed)          0.666     6.775    div1k/clear
    SLICE_X7Y89          FDRE                                         r  div1k/clk_ctr_reg[17]/R
  -------------------------------------------------------------------    -------------------

                         (clock sys_clk_pin rise edge)
                                                     10.000    10.000 r  
    E3                                                0.000    10.000 r  CLK100MHZ (IN)
                         net (fo=0)                   0.000    10.000    CLK100MHZ
    E3                   IBUF (Prop_ibuf_I_O)         1.263    11.263 r  CLK100MHZ_IBUF_inst/O
                         net (fo=1, routed)           1.443    12.706    CLK100MHZ_IBUF
    BUFGCTRL_X0Y16       BUFG (Prop_bufg_I_O)         0.072    12.778 r  CLK100MHZ_IBUF_BUFG_inst/O
                         net (fo=58, routed)          1.215    13.993    div1k/CLK100MHZ_IBUF_BUFG
    SLICE_X7Y89          FDRE                                         r  div1k/clk_ctr_reg[17]/C
                         clock pessimism              0.232    14.225    
                         clock uncertainty           -0.035    14.189    
    SLICE_X7Y89          FDRE (Setup_fdre_C_R)       -0.314    13.875    div1k/clk_ctr_reg[17]
  -------------------------------------------------------------------
                         required time                         13.875    
                         arrival time                          -6.775    
  -------------------------------------------------------------------
                         slack                                  7.100    





Min Delay Paths
--------------------------------------------------------------------------------------
Slack (MET) :             0.257ns  (arrival time - required time)
  Source:                 div1k/clk_ctr_reg[15]/C
                            (rising edge-triggered cell FDRE clocked by sys_clk_pin  {rise@0.000ns fall@5.000ns period=10.000ns})
  Destination:            div1k/clk_ctr_reg[15]/D
                            (rising edge-triggered cell FDRE clocked by sys_clk_pin  {rise@0.000ns fall@5.000ns period=10.000ns})
  Path Group:             sys_clk_pin
  Path Type:              Hold (Min at Fast Process Corner)
  Requirement:            0.000ns  (sys_clk_pin rise@0.000ns - sys_clk_pin rise@0.000ns)
  Data Path Delay:        0.362ns  (logic 0.249ns (68.841%)  route 0.113ns (31.159%))
  Logic Levels:           1  (CARRY4=1)
  Clock Path Skew:        0.000ns (DCD - SCD - CPR)
    Destination Clock Delay (DCD):    2.037ns
    Source Clock Delay      (SCD):    1.520ns
    Clock Pessimism Removal (CPR):    0.516ns

    Location             Delay type                Incr(ns)  Path(ns)    Netlist Resource(s)
  -------------------------------------------------------------------    -------------------
                         (clock sys_clk_pin rise edge)
                                                      0.000     0.000 r  
    E3                                                0.000     0.000 r  CLK100MHZ (IN)
                         net (fo=0)                   0.000     0.000    CLK100MHZ
    E3                   IBUF (Prop_ibuf_I_O)         0.250     0.250 r  CLK100MHZ_IBUF_inst/O
                         net (fo=1, routed)           0.644     0.894    CLK100MHZ_IBUF
    BUFGCTRL_X0Y16       BUFG (Prop_bufg_I_O)         0.026     0.920 r  CLK100MHZ_IBUF_BUFG_inst/O
                         net (fo=58, routed)          0.601     1.520    div1k/CLK100MHZ_IBUF_BUFG
    SLICE_X7Y88          FDRE                                         r  div1k/clk_ctr_reg[15]/C
  -------------------------------------------------------------------    -------------------
    SLICE_X7Y88          FDRE (Prop_fdre_C_Q)         0.141     1.661 r  div1k/clk_ctr_reg[15]/Q
                         net (fo=2, routed)           0.113     1.774    div1k/clk_ctr_reg[15]
    SLICE_X7Y88          CARRY4 (Prop_carry4_S[3]_O[3])
                                                      0.108     1.882 r  div1k/clk_ctr_reg[12]_i_1__0/O[3]
                         net (fo=1, routed)           0.000     1.882    div1k/clk_ctr_reg[12]_i_1__0_n_4
    SLICE_X7Y88          FDRE                                         r  div1k/clk_ctr_reg[15]/D
  -------------------------------------------------------------------    -------------------

                         (clock sys_clk_pin rise edge)
                                                      0.000     0.000 r  
    E3                                                0.000     0.000 r  CLK100MHZ (IN)
                         net (fo=0)                   0.000     0.000    CLK100MHZ
    E3                   IBUF (Prop_ibuf_I_O)         0.438     0.438 r  CLK100MHZ_IBUF_inst/O
                         net (fo=1, routed)           0.699     1.136    CLK100MHZ_IBUF
    BUFGCTRL_X0Y16       BUFG (Prop_bufg_I_O)         0.029     1.165 r  CLK100MHZ_IBUF_BUFG_inst/O
                         net (fo=58, routed)          0.872     2.037    div1k/CLK100MHZ_IBUF_BUFG
    SLICE_X7Y88          FDRE                                         r  div1k/clk_ctr_reg[15]/C
                         clock pessimism             -0.516     1.520    
    SLICE_X7Y88          FDRE (Hold_fdre_C_D)         0.105     1.625    div1k/clk_ctr_reg[15]
  -------------------------------------------------------------------
                         required time                         -1.625    
                         arrival time                           1.882    
  -------------------------------------------------------------------
                         slack                                  0.257    

Slack (MET) :             0.257ns  (arrival time - required time)
  Source:                 div1k/clk_ctr_reg[19]/C
                            (rising edge-triggered cell FDRE clocked by sys_clk_pin  {rise@0.000ns fall@5.000ns period=10.000ns})
  Destination:            div1k/clk_ctr_reg[19]/D
                            (rising edge-triggered cell FDRE clocked by sys_clk_pin  {rise@0.000ns fall@5.000ns period=10.000ns})
  Path Group:             sys_clk_pin
  Path Type:              Hold (Min at Fast Process Corner)
  Requirement:            0.000ns  (sys_clk_pin rise@0.000ns - sys_clk_pin rise@0.000ns)
  Data Path Delay:        0.362ns  (logic 0.249ns (68.841%)  route 0.113ns (31.159%))
  Logic Levels:           1  (CARRY4=1)
  Clock Path Skew:        0.000ns (DCD - SCD - CPR)
    Destination Clock Delay (DCD):    2.037ns
    Source Clock Delay      (SCD):    1.520ns
    Clock Pessimism Removal (CPR):    0.516ns

    Location             Delay type                Incr(ns)  Path(ns)    Netlist Resource(s)
  -------------------------------------------------------------------    -------------------
                         (clock sys_clk_pin rise edge)
                                                      0.000     0.000 r  
    E3                                                0.000     0.000 r  CLK100MHZ (IN)
                         net (fo=0)                   0.000     0.000    CLK100MHZ
    E3                   IBUF (Prop_ibuf_I_O)         0.250     0.250 r  CLK100MHZ_IBUF_inst/O
                         net (fo=1, routed)           0.644     0.894    CLK100MHZ_IBUF
    BUFGCTRL_X0Y16       BUFG (Prop_bufg_I_O)         0.026     0.920 r  CLK100MHZ_IBUF_BUFG_inst/O
                         net (fo=58, routed)          0.601     1.520    div1k/CLK100MHZ_IBUF_BUFG
    SLICE_X7Y89          FDRE                                         r  div1k/clk_ctr_reg[19]/C
  -------------------------------------------------------------------    -------------------
    SLICE_X7Y89          FDRE (Prop_fdre_C_Q)         0.141     1.661 r  div1k/clk_ctr_reg[19]/Q
                         net (fo=2, routed)           0.113     1.774    div1k/clk_ctr_reg[19]
    SLICE_X7Y89          CARRY4 (Prop_carry4_S[3]_O[3])
                                                      0.108     1.882 r  div1k/clk_ctr_reg[16]_i_1__0/O[3]
                         net (fo=1, routed)           0.000     1.882    div1k/clk_ctr_reg[16]_i_1__0_n_4
    SLICE_X7Y89          FDRE                                         r  div1k/clk_ctr_reg[19]/D
  -------------------------------------------------------------------    -------------------

                         (clock sys_clk_pin rise edge)
                                                      0.000     0.000 r  
    E3                                                0.000     0.000 r  CLK100MHZ (IN)
                         net (fo=0)                   0.000     0.000    CLK100MHZ
    E3                   IBUF (Prop_ibuf_I_O)         0.438     0.438 r  CLK100MHZ_IBUF_inst/O
                         net (fo=1, routed)           0.699     1.136    CLK100MHZ_IBUF
    BUFGCTRL_X0Y16       BUFG (Prop_bufg_I_O)         0.029     1.165 r  CLK100MHZ_IBUF_BUFG_inst/O
                         net (fo=58, routed)          0.872     2.037    div1k/CLK100MHZ_IBUF_BUFG
    SLICE_X7Y89          FDRE                                         r  div1k/clk_ctr_reg[19]/C
                         clock pessimism             -0.516     1.520    
    SLICE_X7Y89          FDRE (Hold_fdre_C_D)         0.105     1.625    div1k/clk_ctr_reg[19]
  -------------------------------------------------------------------
                         required time                         -1.625    
                         arrival time                           1.882    
  -------------------------------------------------------------------
                         slack                                  0.257    

Slack (MET) :             0.257ns  (arrival time - required time)
  Source:                 div1k/clk_ctr_reg[7]/C
                            (rising edge-triggered cell FDRE clocked by sys_clk_pin  {rise@0.000ns fall@5.000ns period=10.000ns})
  Destination:            div1k/clk_ctr_reg[7]/D
                            (rising edge-triggered cell FDRE clocked by sys_clk_pin  {rise@0.000ns fall@5.000ns period=10.000ns})
  Path Group:             sys_clk_pin
  Path Type:              Hold (Min at Fast Process Corner)
  Requirement:            0.000ns  (sys_clk_pin rise@0.000ns - sys_clk_pin rise@0.000ns)
  Data Path Delay:        0.362ns  (logic 0.249ns (68.841%)  route 0.113ns (31.159%))
  Logic Levels:           1  (CARRY4=1)
  Clock Path Skew:        0.000ns (DCD - SCD - CPR)
    Destination Clock Delay (DCD):    2.034ns
    Source Clock Delay      (SCD):    1.518ns
    Clock Pessimism Removal (CPR):    0.515ns

    Location             Delay type                Incr(ns)  Path(ns)    Netlist Resource(s)
  -------------------------------------------------------------------    -------------------
                         (clock sys_clk_pin rise edge)
                                                      0.000     0.000 r  
    E3                                                0.000     0.000 r  CLK100MHZ (IN)
                         net (fo=0)                   0.000     0.000    CLK100MHZ
    E3                   IBUF (Prop_ibuf_I_O)         0.250     0.250 r  CLK100MHZ_IBUF_inst/O
                         net (fo=1, routed)           0.644     0.894    CLK100MHZ_IBUF
    BUFGCTRL_X0Y16       BUFG (Prop_bufg_I_O)         0.026     0.920 r  CLK100MHZ_IBUF_BUFG_inst/O
                         net (fo=58, routed)          0.599     1.518    div1k/CLK100MHZ_IBUF_BUFG
    SLICE_X7Y86          FDRE                                         r  div1k/clk_ctr_reg[7]/C
  -------------------------------------------------------------------    -------------------
    SLICE_X7Y86          FDRE (Prop_fdre_C_Q)         0.141     1.659 r  div1k/clk_ctr_reg[7]/Q
                         net (fo=2, routed)           0.113     1.772    div1k/clk_ctr_reg[7]
    SLICE_X7Y86          CARRY4 (Prop_carry4_S[3]_O[3])
                                                      0.108     1.880 r  div1k/clk_ctr_reg[4]_i_1__0/O[3]
                         net (fo=1, routed)           0.000     1.880    div1k/clk_ctr_reg[4]_i_1__0_n_4
    SLICE_X7Y86          FDRE                                         r  div1k/clk_ctr_reg[7]/D
  -------------------------------------------------------------------    -------------------

                         (clock sys_clk_pin rise edge)
                                                      0.000     0.000 r  
    E3                                                0.000     0.000 r  CLK100MHZ (IN)
                         net (fo=0)                   0.000     0.000    CLK100MHZ
    E3                   IBUF (Prop_ibuf_I_O)         0.438     0.438 r  CLK100MHZ_IBUF_inst/O
                         net (fo=1, routed)           0.699     1.136    CLK100MHZ_IBUF
    BUFGCTRL_X0Y16       BUFG (Prop_bufg_I_O)         0.029     1.165 r  CLK100MHZ_IBUF_BUFG_inst/O
                         net (fo=58, routed)          0.869     2.034    div1k/CLK100MHZ_IBUF_BUFG
    SLICE_X7Y86          FDRE                                         r  div1k/clk_ctr_reg[7]/C
                         clock pessimism             -0.515     1.518    
    SLICE_X7Y86          FDRE (Hold_fdre_C_D)         0.105     1.623    div1k/clk_ctr_reg[7]
  -------------------------------------------------------------------
                         required time                         -1.623    
                         arrival time                           1.880    
  -------------------------------------------------------------------
                         slack                                  0.257    

Slack (MET) :             0.257ns  (arrival time - required time)
  Source:                 div1k/clk_ctr_reg[27]/C
                            (rising edge-triggered cell FDRE clocked by sys_clk_pin  {rise@0.000ns fall@5.000ns period=10.000ns})
  Destination:            div1k/clk_ctr_reg[27]/D
                            (rising edge-triggered cell FDRE clocked by sys_clk_pin  {rise@0.000ns fall@5.000ns period=10.000ns})
  Path Group:             sys_clk_pin
  Path Type:              Hold (Min at Fast Process Corner)
  Requirement:            0.000ns  (sys_clk_pin rise@0.000ns - sys_clk_pin rise@0.000ns)
  Data Path Delay:        0.362ns  (logic 0.249ns (68.841%)  route 0.113ns (31.159%))
  Logic Levels:           1  (CARRY4=1)
  Clock Path Skew:        0.000ns (DCD - SCD - CPR)
    Destination Clock Delay (DCD):    2.038ns
    Source Clock Delay      (SCD):    1.521ns
    Clock Pessimism Removal (CPR):    0.516ns

    Location             Delay type                Incr(ns)  Path(ns)    Netlist Resource(s)
  -------------------------------------------------------------------    -------------------
                         (clock sys_clk_pin rise edge)
                                                      0.000     0.000 r  
    E3                                                0.000     0.000 r  CLK100MHZ (IN)
                         net (fo=0)                   0.000     0.000    CLK100MHZ
    E3                   IBUF (Prop_ibuf_I_O)         0.250     0.250 r  CLK100MHZ_IBUF_inst/O
                         net (fo=1, routed)           0.644     0.894    CLK100MHZ_IBUF
    BUFGCTRL_X0Y16       BUFG (Prop_bufg_I_O)         0.026     0.920 r  CLK100MHZ_IBUF_BUFG_inst/O
                         net (fo=58, routed)          0.602     1.521    div1k/CLK100MHZ_IBUF_BUFG
    SLICE_X7Y91          FDRE                                         r  div1k/clk_ctr_reg[27]/C
  -------------------------------------------------------------------    -------------------
    SLICE_X7Y91          FDRE (Prop_fdre_C_Q)         0.141     1.662 r  div1k/clk_ctr_reg[27]/Q
                         net (fo=2, routed)           0.113     1.775    div1k/clk_ctr_reg[27]
    SLICE_X7Y91          CARRY4 (Prop_carry4_S[3]_O[3])
                                                      0.108     1.883 r  div1k/clk_ctr_reg[24]_i_1__0/O[3]
                         net (fo=1, routed)           0.000     1.883    div1k/clk_ctr_reg[24]_i_1__0_n_4
    SLICE_X7Y91          FDRE                                         r  div1k/clk_ctr_reg[27]/D
  -------------------------------------------------------------------    -------------------

                         (clock sys_clk_pin rise edge)
                                                      0.000     0.000 r  
    E3                                                0.000     0.000 r  CLK100MHZ (IN)
                         net (fo=0)                   0.000     0.000    CLK100MHZ
    E3                   IBUF (Prop_ibuf_I_O)         0.438     0.438 r  CLK100MHZ_IBUF_inst/O
                         net (fo=1, routed)           0.699     1.136    CLK100MHZ_IBUF
    BUFGCTRL_X0Y16       BUFG (Prop_bufg_I_O)         0.029     1.165 r  CLK100MHZ_IBUF_BUFG_inst/O
                         net (fo=58, routed)          0.873     2.038    div1k/CLK100MHZ_IBUF_BUFG
    SLICE_X7Y91          FDRE                                         r  div1k/clk_ctr_reg[27]/C
                         clock pessimism             -0.516     1.521    
    SLICE_X7Y91          FDRE (Hold_fdre_C_D)         0.105     1.626    div1k/clk_ctr_reg[27]
  -------------------------------------------------------------------
                         required time                         -1.626    
                         arrival time                           1.883    
  -------------------------------------------------------------------
                         slack                                  0.257    

Slack (MET) :             0.259ns  (arrival time - required time)
  Source:                 div1k/clk_ctr_reg[3]/C
                            (rising edge-triggered cell FDRE clocked by sys_clk_pin  {rise@0.000ns fall@5.000ns period=10.000ns})
  Destination:            div1k/clk_ctr_reg[3]/D
                            (rising edge-triggered cell FDRE clocked by sys_clk_pin  {rise@0.000ns fall@5.000ns period=10.000ns})
  Path Group:             sys_clk_pin
  Path Type:              Hold (Min at Fast Process Corner)
  Requirement:            0.000ns  (sys_clk_pin rise@0.000ns - sys_clk_pin rise@0.000ns)
  Data Path Delay:        0.364ns  (logic 0.249ns (68.319%)  route 0.115ns (31.681%))
  Logic Levels:           1  (CARRY4=1)
  Clock Path Skew:        0.000ns (DCD - SCD - CPR)
    Destination Clock Delay (DCD):    2.034ns
    Source Clock Delay      (SCD):    1.518ns
    Clock Pessimism Removal (CPR):    0.515ns

    Location             Delay type                Incr(ns)  Path(ns)    Netlist Resource(s)
  -------------------------------------------------------------------    -------------------
                         (clock sys_clk_pin rise edge)
                                                      0.000     0.000 r  
    E3                                                0.000     0.000 r  CLK100MHZ (IN)
                         net (fo=0)                   0.000     0.000    CLK100MHZ
    E3                   IBUF (Prop_ibuf_I_O)         0.250     0.250 r  CLK100MHZ_IBUF_inst/O
                         net (fo=1, routed)           0.644     0.894    CLK100MHZ_IBUF
    BUFGCTRL_X0Y16       BUFG (Prop_bufg_I_O)         0.026     0.920 r  CLK100MHZ_IBUF_BUFG_inst/O
                         net (fo=58, routed)          0.599     1.518    div1k/CLK100MHZ_IBUF_BUFG
    SLICE_X7Y85          FDRE                                         r  div1k/clk_ctr_reg[3]/C
  -------------------------------------------------------------------    -------------------
    SLICE_X7Y85          FDRE (Prop_fdre_C_Q)         0.141     1.659 r  div1k/clk_ctr_reg[3]/Q
                         net (fo=2, routed)           0.115     1.775    div1k/clk_ctr_reg[3]
    SLICE_X7Y85          CARRY4 (Prop_carry4_S[3]_O[3])
                                                      0.108     1.883 r  div1k/clk_ctr_reg[0]_i_2__0/O[3]
                         net (fo=1, routed)           0.000     1.883    div1k/clk_ctr_reg[0]_i_2__0_n_4
    SLICE_X7Y85          FDRE                                         r  div1k/clk_ctr_reg[3]/D
  -------------------------------------------------------------------    -------------------

                         (clock sys_clk_pin rise edge)
                                                      0.000     0.000 r  
    E3                                                0.000     0.000 r  CLK100MHZ (IN)
                         net (fo=0)                   0.000     0.000    CLK100MHZ
    E3                   IBUF (Prop_ibuf_I_O)         0.438     0.438 r  CLK100MHZ_IBUF_inst/O
                         net (fo=1, routed)           0.699     1.136    CLK100MHZ_IBUF
    BUFGCTRL_X0Y16       BUFG (Prop_bufg_I_O)         0.029     1.165 r  CLK100MHZ_IBUF_BUFG_inst/O
                         net (fo=58, routed)          0.869     2.034    div1k/CLK100MHZ_IBUF_BUFG
    SLICE_X7Y85          FDRE                                         r  div1k/clk_ctr_reg[3]/C
                         clock pessimism             -0.515     1.518    
    SLICE_X7Y85          FDRE (Hold_fdre_C_D)         0.105     1.623    div1k/clk_ctr_reg[3]
  -------------------------------------------------------------------
                         required time                         -1.623    
                         arrival time                           1.883    
  -------------------------------------------------------------------
                         slack                                  0.259    

Slack (MET) :             0.261ns  (arrival time - required time)
  Source:                 div1k/clk_ctr_reg[11]/C
                            (rising edge-triggered cell FDRE clocked by sys_clk_pin  {rise@0.000ns fall@5.000ns period=10.000ns})
  Destination:            div1k/clk_ctr_reg[11]/D
                            (rising edge-triggered cell FDRE clocked by sys_clk_pin  {rise@0.000ns fall@5.000ns period=10.000ns})
  Path Group:             sys_clk_pin
  Path Type:              Hold (Min at Fast Process Corner)
  Requirement:            0.000ns  (sys_clk_pin rise@0.000ns - sys_clk_pin rise@0.000ns)
  Data Path Delay:        0.366ns  (logic 0.249ns (68.095%)  route 0.117ns (31.905%))
  Logic Levels:           1  (CARRY4=1)
  Clock Path Skew:        0.000ns (DCD - SCD - CPR)
    Destination Clock Delay (DCD):    2.035ns
    Source Clock Delay      (SCD):    1.519ns
    Clock Pessimism Removal (CPR):    0.515ns

    Location             Delay type                Incr(ns)  Path(ns)    Netlist Resource(s)
  -------------------------------------------------------------------    -------------------
                         (clock sys_clk_pin rise edge)
                                                      0.000     0.000 r  
    E3                                                0.000     0.000 r  CLK100MHZ (IN)
                         net (fo=0)                   0.000     0.000    CLK100MHZ
    E3                   IBUF (Prop_ibuf_I_O)         0.250     0.250 r  CLK100MHZ_IBUF_inst/O
                         net (fo=1, routed)           0.644     0.894    CLK100MHZ_IBUF
    BUFGCTRL_X0Y16       BUFG (Prop_bufg_I_O)         0.026     0.920 r  CLK100MHZ_IBUF_BUFG_inst/O
                         net (fo=58, routed)          0.600     1.519    div1k/CLK100MHZ_IBUF_BUFG
    SLICE_X7Y87          FDRE                                         r  div1k/clk_ctr_reg[11]/C
  -------------------------------------------------------------------    -------------------
    SLICE_X7Y87          FDRE (Prop_fdre_C_Q)         0.141     1.660 r  div1k/clk_ctr_reg[11]/Q
                         net (fo=2, routed)           0.117     1.777    div1k/clk_ctr_reg[11]
    SLICE_X7Y87          CARRY4 (Prop_carry4_S[3]_O[3])
                                                      0.108     1.885 r  div1k/clk_ctr_reg[8]_i_1__0/O[3]
                         net (fo=1, routed)           0.000     1.885    div1k/clk_ctr_reg[8]_i_1__0_n_4
    SLICE_X7Y87          FDRE                                         r  div1k/clk_ctr_reg[11]/D
  -------------------------------------------------------------------    -------------------

                         (clock sys_clk_pin rise edge)
                                                      0.000     0.000 r  
    E3                                                0.000     0.000 r  CLK100MHZ (IN)
                         net (fo=0)                   0.000     0.000    CLK100MHZ
    E3                   IBUF (Prop_ibuf_I_O)         0.438     0.438 r  CLK100MHZ_IBUF_inst/O
                         net (fo=1, routed)           0.699     1.136    CLK100MHZ_IBUF
    BUFGCTRL_X0Y16       BUFG (Prop_bufg_I_O)         0.029     1.165 r  CLK100MHZ_IBUF_BUFG_inst/O
                         net (fo=58, routed)          0.870     2.035    div1k/CLK100MHZ_IBUF_BUFG
    SLICE_X7Y87          FDRE                                         r  div1k/clk_ctr_reg[11]/C
                         clock pessimism             -0.515     1.519    
    SLICE_X7Y87          FDRE (Hold_fdre_C_D)         0.105     1.624    div1k/clk_ctr_reg[11]
  -------------------------------------------------------------------
                         required time                         -1.624    
                         arrival time                           1.885    
  -------------------------------------------------------------------
                         slack                                  0.261    

Slack (MET) :             0.261ns  (arrival time - required time)
  Source:                 div1k/clk_ctr_reg[23]/C
                            (rising edge-triggered cell FDRE clocked by sys_clk_pin  {rise@0.000ns fall@5.000ns period=10.000ns})
  Destination:            div1k/clk_ctr_reg[23]/D
                            (rising edge-triggered cell FDRE clocked by sys_clk_pin  {rise@0.000ns fall@5.000ns period=10.000ns})
  Path Group:             sys_clk_pin
  Path Type:              Hold (Min at Fast Process Corner)
  Requirement:            0.000ns  (sys_clk_pin rise@0.000ns - sys_clk_pin rise@0.000ns)
  Data Path Delay:        0.366ns  (logic 0.249ns (68.095%)  route 0.117ns (31.905%))
  Logic Levels:           1  (CARRY4=1)
  Clock Path Skew:        0.000ns (DCD - SCD - CPR)
    Destination Clock Delay (DCD):    2.038ns
    Source Clock Delay      (SCD):    1.521ns
    Clock Pessimism Removal (CPR):    0.516ns

    Location             Delay type                Incr(ns)  Path(ns)    Netlist Resource(s)
  -------------------------------------------------------------------    -------------------
                         (clock sys_clk_pin rise edge)
                                                      0.000     0.000 r  
    E3                                                0.000     0.000 r  CLK100MHZ (IN)
                         net (fo=0)                   0.000     0.000    CLK100MHZ
    E3                   IBUF (Prop_ibuf_I_O)         0.250     0.250 r  CLK100MHZ_IBUF_inst/O
                         net (fo=1, routed)           0.644     0.894    CLK100MHZ_IBUF
    BUFGCTRL_X0Y16       BUFG (Prop_bufg_I_O)         0.026     0.920 r  CLK100MHZ_IBUF_BUFG_inst/O
                         net (fo=58, routed)          0.602     1.521    div1k/CLK100MHZ_IBUF_BUFG
    SLICE_X7Y90          FDRE                                         r  div1k/clk_ctr_reg[23]/C
  -------------------------------------------------------------------    -------------------
    SLICE_X7Y90          FDRE (Prop_fdre_C_Q)         0.141     1.662 r  div1k/clk_ctr_reg[23]/Q
                         net (fo=2, routed)           0.117     1.779    div1k/clk_ctr_reg[23]
    SLICE_X7Y90          CARRY4 (Prop_carry4_S[3]_O[3])
                                                      0.108     1.887 r  div1k/clk_ctr_reg[20]_i_1__0/O[3]
                         net (fo=1, routed)           0.000     1.887    div1k/clk_ctr_reg[20]_i_1__0_n_4
    SLICE_X7Y90          FDRE                                         r  div1k/clk_ctr_reg[23]/D
  -------------------------------------------------------------------    -------------------

                         (clock sys_clk_pin rise edge)
                                                      0.000     0.000 r  
    E3                                                0.000     0.000 r  CLK100MHZ (IN)
                         net (fo=0)                   0.000     0.000    CLK100MHZ
    E3                   IBUF (Prop_ibuf_I_O)         0.438     0.438 r  CLK100MHZ_IBUF_inst/O
                         net (fo=1, routed)           0.699     1.136    CLK100MHZ_IBUF
    BUFGCTRL_X0Y16       BUFG (Prop_bufg_I_O)         0.029     1.165 r  CLK100MHZ_IBUF_BUFG_inst/O
                         net (fo=58, routed)          0.873     2.038    div1k/CLK100MHZ_IBUF_BUFG
    SLICE_X7Y90          FDRE                                         r  div1k/clk_ctr_reg[23]/C
                         clock pessimism             -0.516     1.521    
    SLICE_X7Y90          FDRE (Hold_fdre_C_D)         0.105     1.626    div1k/clk_ctr_reg[23]
  -------------------------------------------------------------------
                         required time                         -1.626    
                         arrival time                           1.887    
  -------------------------------------------------------------------
                         slack                                  0.261    

Slack (MET) :             0.262ns  (arrival time - required time)
  Source:                 div1k/temp_clk_reg/C
                            (rising edge-triggered cell FDRE clocked by sys_clk_pin  {rise@0.000ns fall@5.000ns period=10.000ns})
  Destination:            div1k/temp_clk_reg/D
                            (rising edge-triggered cell FDRE clocked by sys_clk_pin  {rise@0.000ns fall@5.000ns period=10.000ns})
  Path Group:             sys_clk_pin
  Path Type:              Hold (Min at Fast Process Corner)
  Requirement:            0.000ns  (sys_clk_pin rise@0.000ns - sys_clk_pin rise@0.000ns)
  Data Path Delay:        0.382ns  (logic 0.209ns (54.681%)  route 0.173ns (45.319%))
  Logic Levels:           1  (LUT6=1)
  Clock Path Skew:        0.000ns (DCD - SCD - CPR)
    Destination Clock Delay (DCD):    2.035ns
    Source Clock Delay      (SCD):    1.519ns
    Clock Pessimism Removal (CPR):    0.515ns

    Location             Delay type                Incr(ns)  Path(ns)    Netlist Resource(s)
  -------------------------------------------------------------------    -------------------
                         (clock sys_clk_pin rise edge)
                                                      0.000     0.000 r  
    E3                                                0.000     0.000 r  CLK100MHZ (IN)
                         net (fo=0)                   0.000     0.000    CLK100MHZ
    E3                   IBUF (Prop_ibuf_I_O)         0.250     0.250 r  CLK100MHZ_IBUF_inst/O
                         net (fo=1, routed)           0.644     0.894    CLK100MHZ_IBUF
    BUFGCTRL_X0Y16       BUFG (Prop_bufg_I_O)         0.026     0.920 r  CLK100MHZ_IBUF_BUFG_inst/O
                         net (fo=58, routed)          0.600     1.519    div1k/CLK100MHZ_IBUF_BUFG
    SLICE_X6Y87          FDRE                                         r  div1k/temp_clk_reg/C
  -------------------------------------------------------------------    -------------------
    SLICE_X6Y87          FDRE (Prop_fdre_C_Q)         0.164     1.683 r  div1k/temp_clk_reg/Q
                         net (fo=6, routed)           0.173     1.857    div1k/clk
    SLICE_X6Y87          LUT6 (Prop_lut6_I5_O)        0.045     1.902 r  div1k/temp_clk_i_1__0/O
                         net (fo=1, routed)           0.000     1.902    div1k/temp_clk_i_1__0_n_0
    SLICE_X6Y87          FDRE                                         r  div1k/temp_clk_reg/D
  -------------------------------------------------------------------    -------------------

                         (clock sys_clk_pin rise edge)
                                                      0.000     0.000 r  
    E3                                                0.000     0.000 r  CLK100MHZ (IN)
                         net (fo=0)                   0.000     0.000    CLK100MHZ
    E3                   IBUF (Prop_ibuf_I_O)         0.438     0.438 r  CLK100MHZ_IBUF_inst/O
                         net (fo=1, routed)           0.699     1.136    CLK100MHZ_IBUF
    BUFGCTRL_X0Y16       BUFG (Prop_bufg_I_O)         0.029     1.165 r  CLK100MHZ_IBUF_BUFG_inst/O
                         net (fo=58, routed)          0.870     2.035    div1k/CLK100MHZ_IBUF_BUFG
    SLICE_X6Y87          FDRE                                         r  div1k/temp_clk_reg/C
                         clock pessimism             -0.515     1.519    
    SLICE_X6Y87          FDRE (Hold_fdre_C_D)         0.120     1.639    div1k/temp_clk_reg
  -------------------------------------------------------------------
                         required time                         -1.639    
                         arrival time                           1.902    
  -------------------------------------------------------------------
                         slack                                  0.262    

Slack (MET) :             0.262ns  (arrival time - required time)
  Source:                 div1k/clk_ctr_reg[14]/C
                            (rising edge-triggered cell FDRE clocked by sys_clk_pin  {rise@0.000ns fall@5.000ns period=10.000ns})
  Destination:            div1k/clk_ctr_reg[14]/D
                            (rising edge-triggered cell FDRE clocked by sys_clk_pin  {rise@0.000ns fall@5.000ns period=10.000ns})
  Path Group:             sys_clk_pin
  Path Type:              Hold (Min at Fast Process Corner)
  Requirement:            0.000ns  (sys_clk_pin rise@0.000ns - sys_clk_pin rise@0.000ns)
  Data Path Delay:        0.367ns  (logic 0.252ns (68.574%)  route 0.115ns (31.426%))
  Logic Levels:           1  (CARRY4=1)
  Clock Path Skew:        0.000ns (DCD - SCD - CPR)
    Destination Clock Delay (DCD):    2.037ns
    Source Clock Delay      (SCD):    1.520ns
    Clock Pessimism Removal (CPR):    0.516ns

    Location             Delay type                Incr(ns)  Path(ns)    Netlist Resource(s)
  -------------------------------------------------------------------    -------------------
                         (clock sys_clk_pin rise edge)
                                                      0.000     0.000 r  
    E3                                                0.000     0.000 r  CLK100MHZ (IN)
                         net (fo=0)                   0.000     0.000    CLK100MHZ
    E3                   IBUF (Prop_ibuf_I_O)         0.250     0.250 r  CLK100MHZ_IBUF_inst/O
                         net (fo=1, routed)           0.644     0.894    CLK100MHZ_IBUF
    BUFGCTRL_X0Y16       BUFG (Prop_bufg_I_O)         0.026     0.920 r  CLK100MHZ_IBUF_BUFG_inst/O
                         net (fo=58, routed)          0.601     1.520    div1k/CLK100MHZ_IBUF_BUFG
    SLICE_X7Y88          FDRE                                         r  div1k/clk_ctr_reg[14]/C
  -------------------------------------------------------------------    -------------------
    SLICE_X7Y88          FDRE (Prop_fdre_C_Q)         0.141     1.661 r  div1k/clk_ctr_reg[14]/Q
                         net (fo=2, routed)           0.115     1.777    div1k/clk_ctr_reg[14]
    SLICE_X7Y88          CARRY4 (Prop_carry4_S[2]_O[2])
                                                      0.111     1.888 r  div1k/clk_ctr_reg[12]_i_1__0/O[2]
                         net (fo=1, routed)           0.000     1.888    div1k/clk_ctr_reg[12]_i_1__0_n_5
    SLICE_X7Y88          FDRE                                         r  div1k/clk_ctr_reg[14]/D
  -------------------------------------------------------------------    -------------------

                         (clock sys_clk_pin rise edge)
                                                      0.000     0.000 r  
    E3                                                0.000     0.000 r  CLK100MHZ (IN)
                         net (fo=0)                   0.000     0.000    CLK100MHZ
    E3                   IBUF (Prop_ibuf_I_O)         0.438     0.438 r  CLK100MHZ_IBUF_inst/O
                         net (fo=1, routed)           0.699     1.136    CLK100MHZ_IBUF
    BUFGCTRL_X0Y16       BUFG (Prop_bufg_I_O)         0.029     1.165 r  CLK100MHZ_IBUF_BUFG_inst/O
                         net (fo=58, routed)          0.872     2.037    div1k/CLK100MHZ_IBUF_BUFG
    SLICE_X7Y88          FDRE                                         r  div1k/clk_ctr_reg[14]/C
                         clock pessimism             -0.516     1.520    
    SLICE_X7Y88          FDRE (Hold_fdre_C_D)         0.105     1.625    div1k/clk_ctr_reg[14]
  -------------------------------------------------------------------
                         required time                         -1.625    
                         arrival time                           1.888    
  -------------------------------------------------------------------
                         slack                                  0.262    

Slack (MET) :             0.262ns  (arrival time - required time)
  Source:                 div1k/clk_ctr_reg[18]/C
                            (rising edge-triggered cell FDRE clocked by sys_clk_pin  {rise@0.000ns fall@5.000ns period=10.000ns})
  Destination:            div1k/clk_ctr_reg[18]/D
                            (rising edge-triggered cell FDRE clocked by sys_clk_pin  {rise@0.000ns fall@5.000ns period=10.000ns})
  Path Group:             sys_clk_pin
  Path Type:              Hold (Min at Fast Process Corner)
  Requirement:            0.000ns  (sys_clk_pin rise@0.000ns - sys_clk_pin rise@0.000ns)
  Data Path Delay:        0.367ns  (logic 0.252ns (68.574%)  route 0.115ns (31.426%))
  Logic Levels:           1  (CARRY4=1)
  Clock Path Skew:        0.000ns (DCD - SCD - CPR)
    Destination Clock Delay (DCD):    2.037ns
    Source Clock Delay      (SCD):    1.520ns
    Clock Pessimism Removal (CPR):    0.516ns

    Location             Delay type                Incr(ns)  Path(ns)    Netlist Resource(s)
  -------------------------------------------------------------------    -------------------
                         (clock sys_clk_pin rise edge)
                                                      0.000     0.000 r  
    E3                                                0.000     0.000 r  CLK100MHZ (IN)
                         net (fo=0)                   0.000     0.000    CLK100MHZ
    E3                   IBUF (Prop_ibuf_I_O)         0.250     0.250 r  CLK100MHZ_IBUF_inst/O
                         net (fo=1, routed)           0.644     0.894    CLK100MHZ_IBUF
    BUFGCTRL_X0Y16       BUFG (Prop_bufg_I_O)         0.026     0.920 r  CLK100MHZ_IBUF_BUFG_inst/O
                         net (fo=58, routed)          0.601     1.520    div1k/CLK100MHZ_IBUF_BUFG
    SLICE_X7Y89          FDRE                                         r  div1k/clk_ctr_reg[18]/C
  -------------------------------------------------------------------    -------------------
    SLICE_X7Y89          FDRE (Prop_fdre_C_Q)         0.141     1.661 r  div1k/clk_ctr_reg[18]/Q
                         net (fo=2, routed)           0.115     1.777    div1k/clk_ctr_reg[18]
    SLICE_X7Y89          CARRY4 (Prop_carry4_S[2]_O[2])
                                                      0.111     1.888 r  div1k/clk_ctr_reg[16]_i_1__0/O[2]
                         net (fo=1, routed)           0.000     1.888    div1k/clk_ctr_reg[16]_i_1__0_n_5
    SLICE_X7Y89          FDRE                                         r  div1k/clk_ctr_reg[18]/D
  -------------------------------------------------------------------    -------------------

                         (clock sys_clk_pin rise edge)
                                                      0.000     0.000 r  
    E3                                                0.000     0.000 r  CLK100MHZ (IN)
                         net (fo=0)                   0.000     0.000    CLK100MHZ
    E3                   IBUF (Prop_ibuf_I_O)         0.438     0.438 r  CLK100MHZ_IBUF_inst/O
                         net (fo=1, routed)           0.699     1.136    CLK100MHZ_IBUF
    BUFGCTRL_X0Y16       BUFG (Prop_bufg_I_O)         0.029     1.165 r  CLK100MHZ_IBUF_BUFG_inst/O
                         net (fo=58, routed)          0.872     2.037    div1k/CLK100MHZ_IBUF_BUFG
    SLICE_X7Y89          FDRE                                         r  div1k/clk_ctr_reg[18]/C
                         clock pessimism             -0.516     1.520    
    SLICE_X7Y89          FDRE (Hold_fdre_C_D)         0.105     1.625    div1k/clk_ctr_reg[18]
  -------------------------------------------------------------------
                         required time                         -1.625    
                         arrival time                           1.888    
  -------------------------------------------------------------------
                         slack                                  0.262    





Pulse Width Checks
--------------------------------------------------------------------------------------
Clock Name:         sys_clk_pin
Waveform(ns):       { 0.000 5.000 }
Period(ns):         10.000
Sources:            { CLK100MHZ }

Check Type        Corner  Lib Pin  Reference Pin  Required(ns)  Actual(ns)  Slack(ns)  Location        Pin
Min Period        n/a     BUFG/I   n/a            1.592         10.000      8.408      BUFGCTRL_X0Y16  CLK100MHZ_IBUF_BUFG_inst/I
Min Period        n/a     FDRE/C   n/a            1.000         10.000      9.000      SLICE_X7Y87     div1k/clk_ctr_reg[10]/C
Min Period        n/a     FDRE/C   n/a            1.000         10.000      9.000      SLICE_X7Y87     div1k/clk_ctr_reg[11]/C
Min Period        n/a     FDRE/C   n/a            1.000         10.000      9.000      SLICE_X7Y88     div1k/clk_ctr_reg[12]/C
Min Period        n/a     FDRE/C   n/a            1.000         10.000      9.000      SLICE_X7Y88     div1k/clk_ctr_reg[13]/C
Min Period        n/a     FDRE/C   n/a            1.000         10.000      9.000      SLICE_X7Y88     div1k/clk_ctr_reg[14]/C
Min Period        n/a     FDRE/C   n/a            1.000         10.000      9.000      SLICE_X7Y88     div1k/clk_ctr_reg[15]/C
Min Period        n/a     FDRE/C   n/a            1.000         10.000      9.000      SLICE_X7Y89     div1k/clk_ctr_reg[16]/C
Min Period        n/a     FDRE/C   n/a            1.000         10.000      9.000      SLICE_X7Y89     div1k/clk_ctr_reg[17]/C
Min Period        n/a     FDRE/C   n/a            1.000         10.000      9.000      SLICE_X7Y89     div1k/clk_ctr_reg[18]/C
Low Pulse Width   Fast    FDRE/C   n/a            0.500         5.000       4.500      SLICE_X7Y87     div1k/clk_ctr_reg[10]/C
Low Pulse Width   Fast    FDRE/C   n/a            0.500         5.000       4.500      SLICE_X7Y87     div1k/clk_ctr_reg[11]/C
Low Pulse Width   Fast    FDRE/C   n/a            0.500         5.000       4.500      SLICE_X7Y88     div1k/clk_ctr_reg[12]/C
Low Pulse Width   Fast    FDRE/C   n/a            0.500         5.000       4.500      SLICE_X7Y88     div1k/clk_ctr_reg[13]/C
Low Pulse Width   Fast    FDRE/C   n/a            0.500         5.000       4.500      SLICE_X7Y88     div1k/clk_ctr_reg[14]/C
Low Pulse Width   Fast    FDRE/C   n/a            0.500         5.000       4.500      SLICE_X7Y88     div1k/clk_ctr_reg[15]/C
Low Pulse Width   Fast    FDRE/C   n/a            0.500         5.000       4.500      SLICE_X7Y89     div1k/clk_ctr_reg[16]/C
Low Pulse Width   Fast    FDRE/C   n/a            0.500         5.000       4.500      SLICE_X7Y89     div1k/clk_ctr_reg[17]/C
Low Pulse Width   Fast    FDRE/C   n/a            0.500         5.000       4.500      SLICE_X7Y89     div1k/clk_ctr_reg[18]/C
Low Pulse Width   Fast    FDRE/C   n/a            0.500         5.000       4.500      SLICE_X7Y89     div1k/clk_ctr_reg[19]/C
High Pulse Width  Slow    FDRE/C   n/a            0.500         5.000       4.500      SLICE_X7Y87     div1k/clk_ctr_reg[10]/C
High Pulse Width  Slow    FDRE/C   n/a            0.500         5.000       4.500      SLICE_X7Y87     div1k/clk_ctr_reg[11]/C
High Pulse Width  Slow    FDRE/C   n/a            0.500         5.000       4.500      SLICE_X7Y88     div1k/clk_ctr_reg[12]/C
High Pulse Width  Slow    FDRE/C   n/a            0.500         5.000       4.500      SLICE_X7Y88     div1k/clk_ctr_reg[13]/C
High Pulse Width  Slow    FDRE/C   n/a            0.500         5.000       4.500      SLICE_X7Y88     div1k/clk_ctr_reg[14]/C
High Pulse Width  Slow    FDRE/C   n/a            0.500         5.000       4.500      SLICE_X7Y88     div1k/clk_ctr_reg[15]/C
High Pulse Width  Slow    FDRE/C   n/a            0.500         5.000       4.500      SLICE_X7Y85     div1k/clk_ctr_reg[1]/C
High Pulse Width  Slow    FDRE/C   n/a            0.500         5.000       4.500      SLICE_X7Y85     div1k/clk_ctr_reg[2]/C
High Pulse Width  Slow    FDRE/C   n/a            0.500         5.000       4.500      SLICE_X7Y85     div1k/clk_ctr_reg[3]/C
High Pulse Width  Slow    FDRE/C   n/a            0.500         5.000       4.500      SLICE_X7Y86     div1k/clk_ctr_reg[4]/C



